[2016-11-03 15:41:06,223][INFO ][node                     ] [Liz Allan] version[2.4.1], pid[6673], build[c67dc32/2016-09-27T18:57:55Z]
[2016-11-03 15:41:06,228][INFO ][node                     ] [Liz Allan] initializing ...
[2016-11-03 15:41:07,513][INFO ][plugins                  ] [Liz Allan] modules [reindex, lang-expression, lang-groovy], plugins [], sites []
[2016-11-03 15:41:07,591][INFO ][env                      ] [Liz Allan] using [1] data paths, mounts [[/ (/dev/disk0s2)]], net usable_space [146.3gb], net total_space [222.7gb], spins? [unknown], types [hfs]
[2016-11-03 15:41:07,591][INFO ][env                      ] [Liz Allan] heap size [1007.3mb], compressed ordinary object pointers [true]
[2016-11-03 15:41:07,592][WARN ][env                      ] [Liz Allan] max file descriptors [10240] for elasticsearch process likely too low, consider increasing to at least [65536]
[2016-11-03 15:41:11,082][INFO ][node                     ] [Liz Allan] initialized
[2016-11-03 15:41:11,083][INFO ][node                     ] [Liz Allan] starting ...
[2016-11-03 15:41:11,224][INFO ][transport                ] [Liz Allan] publish_address {127.0.0.1:9300}, bound_addresses {[fe80::1]:9300}, {[::1]:9300}, {127.0.0.1:9300}
[2016-11-03 15:41:11,232][INFO ][discovery                ] [Liz Allan] elasticsearch/Lh59fOSiTWyh8_tbS-PV9Q
[2016-11-03 15:41:14,293][INFO ][cluster.service          ] [Liz Allan] new_master {Liz Allan}{Lh59fOSiTWyh8_tbS-PV9Q}{127.0.0.1}{127.0.0.1:9300}, reason: zen-disco-join(elected_as_master, [0] joins received)
[2016-11-03 15:41:14,324][INFO ][http                     ] [Liz Allan] publish_address {127.0.0.1:9200}, bound_addresses {[fe80::1]:9200}, {[::1]:9200}, {127.0.0.1:9200}
[2016-11-03 15:41:14,324][INFO ][node                     ] [Liz Allan] started
[2016-11-03 15:41:14,456][INFO ][gateway                  ] [Liz Allan] recovered [2] indices into cluster_state
[2016-11-03 15:41:15,397][INFO ][cluster.routing.allocation] [Liz Allan] Cluster health status changed from [RED] to [YELLOW] (reason: [shards started [[kb][0], [kb][2], [kb][0]] ...]).
[2016-11-03 15:41:39,475][INFO ][cluster.metadata         ] [Liz Allan] [kb] creating index, cause [api], templates [], shards [5]/[1], mappings []
[2016-11-03 15:41:39,705][INFO ][cluster.metadata         ] [Liz Allan] [ticket] creating index, cause [api], templates [], shards [5]/[1], mappings []
[2016-11-03 15:41:40,096][INFO ][cluster.routing.allocation] [Liz Allan] Cluster health status changed from [RED] to [YELLOW] (reason: [shards started [[kb][4], [kb][4]] ...]).
[2016-11-03 15:41:40,124][INFO ][cluster.metadata         ] [Liz Allan] [kb] create_mapping [article]
[2016-11-03 15:41:40,134][INFO ][cluster.metadata         ] [Liz Allan] [ticket] create_mapping [ticket]
[2016-11-03 15:41:40,527][INFO ][cluster.metadata         ] [Liz Allan] [ticket] update_mapping [ticket]
[2016-11-03 15:42:15,359][INFO ][cluster.metadata         ] [Liz Allan] [kb] creating index, cause [auto(bulk api)], templates [], shards [5]/[1], mappings []
[2016-11-03 15:42:15,510][INFO ][cluster.metadata         ] [Liz Allan] [ticket] creating index, cause [auto(bulk api)], templates [], shards [5]/[1], mappings []
[2016-11-03 15:42:15,698][INFO ][cluster.routing.allocation] [Liz Allan] Cluster health status changed from [RED] to [YELLOW] (reason: [shards started [[kb][4], [kb][4]] ...]).
[2016-11-03 15:42:15,770][INFO ][cluster.metadata         ] [Liz Allan] [kb] create_mapping [article]
[2016-11-03 15:42:15,964][INFO ][cluster.metadata         ] [Liz Allan] [ticket] create_mapping [ticket]
[2016-11-03 15:43:15,287][INFO ][cluster.metadata         ] [Liz Allan] [kb] creating index, cause [auto(bulk api)], templates [], shards [5]/[1], mappings []
[2016-11-03 15:43:15,457][INFO ][cluster.routing.allocation] [Liz Allan] Cluster health status changed from [RED] to [YELLOW] (reason: [shards started [[kb][4]] ...]).
[2016-11-03 15:43:15,480][INFO ][cluster.metadata         ] [Liz Allan] [ticket] creating index, cause [auto(bulk api)], templates [], shards [5]/[1], mappings []
[2016-11-03 15:43:15,712][INFO ][cluster.routing.allocation] [Liz Allan] Cluster health status changed from [RED] to [YELLOW] (reason: [shards started [[ticket][4]] ...]).
[2016-11-03 15:43:15,757][INFO ][cluster.metadata         ] [Liz Allan] [kb] create_mapping [article]
[2016-11-03 15:43:15,835][INFO ][cluster.metadata         ] [Liz Allan] [ticket] create_mapping [ticket]
[2016-11-03 15:44:15,223][INFO ][cluster.metadata         ] [Liz Allan] [ticket] creating index, cause [auto(bulk api)], templates [], shards [5]/[1], mappings []
[2016-11-03 15:44:15,421][INFO ][cluster.metadata         ] [Liz Allan] [kb] creating index, cause [auto(bulk api)], templates [], shards [5]/[1], mappings []
[2016-11-03 15:44:15,639][INFO ][cluster.routing.allocation] [Liz Allan] Cluster health status changed from [RED] to [YELLOW] (reason: [shards started [[kb][4], [kb][4]] ...]).
[2016-11-03 15:44:15,660][INFO ][cluster.metadata         ] [Liz Allan] [ticket] create_mapping [ticket]
[2016-11-03 15:44:15,731][INFO ][cluster.metadata         ] [Liz Allan] [kb] create_mapping [article]
[2016-11-03 15:45:15,177][INFO ][cluster.metadata         ] [Liz Allan] [ticket] creating index, cause [auto(bulk api)], templates [], shards [5]/[1], mappings []
[2016-11-03 15:45:15,312][INFO ][cluster.routing.allocation] [Liz Allan] Cluster health status changed from [RED] to [YELLOW] (reason: [shards started [[ticket][4]] ...]).
[2016-11-03 15:45:15,325][INFO ][cluster.metadata         ] [Liz Allan] [kb] creating index, cause [auto(bulk api)], templates [], shards [5]/[1], mappings []
[2016-11-03 15:45:15,422][INFO ][cluster.routing.allocation] [Liz Allan] Cluster health status changed from [RED] to [YELLOW] (reason: [shards started [[kb][4]] ...]).
[2016-11-03 15:45:15,440][INFO ][cluster.metadata         ] [Liz Allan] [ticket] create_mapping [ticket]
[2016-11-03 15:45:15,506][INFO ][cluster.metadata         ] [Liz Allan] [kb] create_mapping [article]
[2016-11-03 15:46:15,184][INFO ][cluster.metadata         ] [Liz Allan] [ticket] creating index, cause [auto(bulk api)], templates [], shards [5]/[1], mappings []
[2016-11-03 15:46:15,294][INFO ][cluster.routing.allocation] [Liz Allan] Cluster health status changed from [RED] to [YELLOW] (reason: [shards started [[ticket][4]] ...]).
[2016-11-03 15:46:15,305][INFO ][cluster.metadata         ] [Liz Allan] [kb] creating index, cause [auto(bulk api)], templates [], shards [5]/[1], mappings []
[2016-11-03 15:46:15,405][INFO ][cluster.routing.allocation] [Liz Allan] Cluster health status changed from [RED] to [YELLOW] (reason: [shards started [[kb][4]] ...]).
[2016-11-03 15:46:15,424][INFO ][cluster.metadata         ] [Liz Allan] [ticket] create_mapping [ticket]
[2016-11-03 15:46:15,484][INFO ][cluster.metadata         ] [Liz Allan] [kb] create_mapping [article]
[2016-11-03 15:47:15,178][INFO ][cluster.metadata         ] [Liz Allan] [ticket] creating index, cause [auto(bulk api)], templates [], shards [5]/[1], mappings []
[2016-11-03 15:47:15,233][INFO ][cluster.metadata         ] [Liz Allan] [kb] creating index, cause [auto(bulk api)], templates [], shards [5]/[1], mappings []
[2016-11-03 15:47:15,319][INFO ][cluster.routing.allocation] [Liz Allan] Cluster health status changed from [RED] to [YELLOW] (reason: [shards started [[kb][4], [kb][4]] ...]).
[2016-11-03 15:47:15,370][INFO ][cluster.metadata         ] [Liz Allan] [ticket] create_mapping [ticket]
[2016-11-03 15:47:15,455][INFO ][cluster.metadata         ] [Liz Allan] [kb] create_mapping [article]
[2016-11-03 15:48:15,226][INFO ][cluster.metadata         ] [Liz Allan] [kb] creating index, cause [auto(bulk api)], templates [], shards [5]/[1], mappings []
[2016-11-03 15:48:15,395][INFO ][cluster.routing.allocation] [Liz Allan] Cluster health status changed from [RED] to [YELLOW] (reason: [shards started [[kb][4]] ...]).
[2016-11-03 15:48:15,471][INFO ][cluster.metadata         ] [Liz Allan] [ticket] creating index, cause [auto(bulk api)], templates [], shards [5]/[1], mappings []
[2016-11-03 15:48:15,638][INFO ][cluster.routing.allocation] [Liz Allan] Cluster health status changed from [RED] to [YELLOW] (reason: [shards started [[ticket][4]] ...]).
[2016-11-03 15:48:15,659][INFO ][cluster.metadata         ] [Liz Allan] [kb] create_mapping [article]
[2016-11-03 15:48:15,720][INFO ][cluster.metadata         ] [Liz Allan] [ticket] create_mapping [ticket]
[2016-11-03 15:49:15,253][INFO ][cluster.metadata         ] [Liz Allan] [kb] creating index, cause [auto(bulk api)], templates [], shards [5]/[1], mappings []
[2016-11-03 15:49:15,386][INFO ][cluster.metadata         ] [Liz Allan] [ticket] creating index, cause [auto(bulk api)], templates [], shards [5]/[1], mappings []
[2016-11-03 15:49:15,517][INFO ][cluster.routing.allocation] [Liz Allan] Cluster health status changed from [RED] to [YELLOW] (reason: [shards started [[kb][4], [kb][4]] ...]).
[2016-11-03 15:49:15,532][INFO ][cluster.metadata         ] [Liz Allan] [kb] create_mapping [article]
[2016-11-03 15:49:15,578][INFO ][cluster.metadata         ] [Liz Allan] [ticket] create_mapping [ticket]
[2016-11-03 15:50:15,190][INFO ][cluster.metadata         ] [Liz Allan] [kb] creating index, cause [auto(bulk api)], templates [], shards [5]/[1], mappings []
[2016-11-03 15:50:15,286][INFO ][cluster.routing.allocation] [Liz Allan] Cluster health status changed from [RED] to [YELLOW] (reason: [shards started [[kb][4]] ...]).
[2016-11-03 15:50:15,299][INFO ][cluster.metadata         ] [Liz Allan] [ticket] creating index, cause [auto(bulk api)], templates [], shards [5]/[1], mappings []
[2016-11-03 15:50:15,389][INFO ][cluster.routing.allocation] [Liz Allan] Cluster health status changed from [RED] to [YELLOW] (reason: [shards started [[ticket][4]] ...]).
[2016-11-03 15:50:15,407][INFO ][cluster.metadata         ] [Liz Allan] [kb] create_mapping [article]
[2016-11-03 15:50:15,452][INFO ][cluster.metadata         ] [Liz Allan] [ticket] create_mapping [ticket]
[2016-11-03 15:51:15,269][INFO ][cluster.metadata         ] [Liz Allan] [kb] creating index, cause [auto(bulk api)], templates [], shards [5]/[1], mappings []
[2016-11-03 15:51:15,398][INFO ][cluster.metadata         ] [Liz Allan] [ticket] creating index, cause [auto(bulk api)], templates [], shards [5]/[1], mappings []
[2016-11-03 15:51:15,527][INFO ][cluster.routing.allocation] [Liz Allan] Cluster health status changed from [RED] to [YELLOW] (reason: [shards started [[kb][4], [kb][4]] ...]).
[2016-11-03 15:51:15,540][INFO ][cluster.metadata         ] [Liz Allan] [kb] create_mapping [article]
[2016-11-03 15:51:15,575][INFO ][cluster.metadata         ] [Liz Allan] [ticket] create_mapping [ticket]
[2016-11-03 15:52:15,201][INFO ][cluster.metadata         ] [Liz Allan] [ticket] creating index, cause [auto(bulk api)], templates [], shards [5]/[1], mappings []
[2016-11-03 15:52:15,297][INFO ][cluster.metadata         ] [Liz Allan] [kb] creating index, cause [auto(bulk api)], templates [], shards [5]/[1], mappings []
[2016-11-03 15:52:15,424][INFO ][cluster.routing.allocation] [Liz Allan] Cluster health status changed from [RED] to [YELLOW] (reason: [shards started [[kb][4], [kb][4]] ...]).
[2016-11-03 15:52:15,437][INFO ][cluster.metadata         ] [Liz Allan] [ticket] create_mapping [ticket]
[2016-11-03 15:52:15,506][INFO ][cluster.metadata         ] [Liz Allan] [kb] create_mapping [article]
[2016-11-03 15:53:15,199][INFO ][cluster.metadata         ] [Liz Allan] [ticket] creating index, cause [auto(bulk api)], templates [], shards [5]/[1], mappings []
[2016-11-03 15:53:15,330][INFO ][cluster.routing.allocation] [Liz Allan] Cluster health status changed from [RED] to [YELLOW] (reason: [shards started [[ticket][4]] ...]).
[2016-11-03 15:53:15,341][INFO ][cluster.metadata         ] [Liz Allan] [kb] creating index, cause [auto(bulk api)], templates [], shards [5]/[1], mappings []
[2016-11-03 15:53:15,474][INFO ][cluster.routing.allocation] [Liz Allan] Cluster health status changed from [RED] to [YELLOW] (reason: [shards started [[kb][4]] ...]).
[2016-11-03 15:53:15,488][INFO ][cluster.metadata         ] [Liz Allan] [ticket] create_mapping [ticket]
[2016-11-03 15:53:15,547][INFO ][cluster.metadata         ] [Liz Allan] [kb] create_mapping [article]
[2016-11-03 15:54:15,260][INFO ][cluster.metadata         ] [Liz Allan] [kb] creating index, cause [auto(bulk api)], templates [], shards [5]/[1], mappings []
[2016-11-03 15:54:15,388][INFO ][cluster.metadata         ] [Liz Allan] [ticket] creating index, cause [auto(bulk api)], templates [], shards [5]/[1], mappings []
[2016-11-03 15:54:15,570][INFO ][cluster.routing.allocation] [Liz Allan] Cluster health status changed from [RED] to [YELLOW] (reason: [shards started [[kb][4], [kb][4]] ...]).
[2016-11-03 15:54:15,589][INFO ][cluster.metadata         ] [Liz Allan] [kb] create_mapping [article]
[2016-11-03 15:54:15,636][INFO ][cluster.metadata         ] [Liz Allan] [ticket] create_mapping [ticket]
[2016-11-03 15:55:15,243][INFO ][cluster.metadata         ] [Liz Allan] [kb] creating index, cause [auto(bulk api)], templates [], shards [5]/[1], mappings []
[2016-11-03 15:55:15,323][INFO ][cluster.metadata         ] [Liz Allan] [ticket] creating index, cause [auto(bulk api)], templates [], shards [5]/[1], mappings []
[2016-11-03 15:55:15,480][INFO ][cluster.routing.allocation] [Liz Allan] Cluster health status changed from [RED] to [YELLOW] (reason: [shards started [[kb][4], [kb][4]] ...]).
[2016-11-03 15:55:15,492][INFO ][cluster.metadata         ] [Liz Allan] [kb] create_mapping [article]
[2016-11-03 15:55:15,530][INFO ][cluster.metadata         ] [Liz Allan] [ticket] create_mapping [ticket]
[2016-11-03 15:56:15,442][INFO ][cluster.metadata         ] [Liz Allan] [kb] creating index, cause [auto(bulk api)], templates [], shards [5]/[1], mappings []
[2016-11-03 15:56:15,556][INFO ][cluster.metadata         ] [Liz Allan] [ticket] creating index, cause [auto(bulk api)], templates [], shards [5]/[1], mappings []
[2016-11-03 15:56:15,776][INFO ][cluster.routing.allocation] [Liz Allan] Cluster health status changed from [RED] to [YELLOW] (reason: [shards started [[kb][4], [kb][4]] ...]).
[2016-11-03 15:56:15,801][INFO ][cluster.metadata         ] [Liz Allan] [kb] create_mapping [article]
[2016-11-03 15:56:15,856][INFO ][cluster.metadata         ] [Liz Allan] [ticket] create_mapping [ticket]
[2016-11-03 15:57:15,284][INFO ][cluster.metadata         ] [Liz Allan] [kb] creating index, cause [auto(bulk api)], templates [], shards [5]/[1], mappings []
[2016-11-03 15:57:15,385][INFO ][cluster.metadata         ] [Liz Allan] [ticket] creating index, cause [auto(bulk api)], templates [], shards [5]/[1], mappings []
[2016-11-03 15:57:15,485][INFO ][cluster.routing.allocation] [Liz Allan] Cluster health status changed from [RED] to [YELLOW] (reason: [shards started [[kb][4], [kb][4]] ...]).
[2016-11-03 15:57:15,501][INFO ][cluster.metadata         ] [Liz Allan] [kb] create_mapping [article]
[2016-11-03 15:57:15,528][INFO ][cluster.metadata         ] [Liz Allan] [ticket] create_mapping [ticket]
[2016-11-03 15:57:44,657][INFO ][cluster.metadata         ] [Liz Allan] [kb] creating index, cause [api], templates [], shards [5]/[1], mappings []
[2016-11-03 15:57:44,775][INFO ][cluster.metadata         ] [Liz Allan] [ticket] creating index, cause [api], templates [], shards [5]/[1], mappings []
[2016-11-03 15:57:44,881][INFO ][cluster.routing.allocation] [Liz Allan] Cluster health status changed from [RED] to [YELLOW] (reason: [shards started [[kb][4], [kb][4]] ...]).
[2016-11-03 15:57:44,890][INFO ][cluster.metadata         ] [Liz Allan] [kb] create_mapping [article]
[2016-11-03 15:57:44,897][INFO ][cluster.metadata         ] [Liz Allan] [ticket] create_mapping [ticket]
[2016-11-03 15:57:45,235][INFO ][cluster.metadata         ] [Liz Allan] [ticket] update_mapping [ticket]
[2016-11-03 15:58:15,724][INFO ][cluster.metadata         ] [Liz Allan] [kb] creating index, cause [auto(bulk api)], templates [], shards [5]/[1], mappings []
[2016-11-03 15:58:15,838][INFO ][cluster.metadata         ] [Liz Allan] [ticket] creating index, cause [auto(bulk api)], templates [], shards [5]/[1], mappings []
[2016-11-03 15:58:15,931][INFO ][cluster.routing.allocation] [Liz Allan] Cluster health status changed from [RED] to [YELLOW] (reason: [shards started [[ticket][3], [ticket][4]] ...]).
[2016-11-03 15:58:15,951][INFO ][cluster.metadata         ] [Liz Allan] [kb] create_mapping [article]
[2016-11-03 15:58:15,998][INFO ][cluster.metadata         ] [Liz Allan] [ticket] create_mapping [ticket]
[2016-11-03 15:59:15,710][INFO ][cluster.metadata         ] [Liz Allan] [kb] creating index, cause [auto(bulk api)], templates [], shards [5]/[1], mappings []
[2016-11-03 15:59:15,820][INFO ][cluster.routing.allocation] [Liz Allan] Cluster health status changed from [RED] to [YELLOW] (reason: [shards started [[kb][0], [kb][4], [kb][0]] ...]).
[2016-11-03 15:59:15,842][INFO ][cluster.metadata         ] [Liz Allan] [ticket] creating index, cause [auto(bulk api)], templates [], shards [5]/[1], mappings []
[2016-11-03 15:59:15,909][INFO ][cluster.routing.allocation] [Liz Allan] Cluster health status changed from [RED] to [YELLOW] (reason: [shards started [[ticket][4], [ticket][4]] ...]).
[2016-11-03 15:59:15,918][INFO ][cluster.metadata         ] [Liz Allan] [kb] create_mapping [article]
[2016-11-03 15:59:15,963][INFO ][cluster.metadata         ] [Liz Allan] [ticket] create_mapping [ticket]
[2016-11-03 16:00:15,693][INFO ][cluster.metadata         ] [Liz Allan] [ticket] creating index, cause [auto(bulk api)], templates [], shards [5]/[1], mappings []
[2016-11-03 16:00:15,751][INFO ][cluster.metadata         ] [Liz Allan] [kb] creating index, cause [auto(bulk api)], templates [], shards [5]/[1], mappings []
[2016-11-03 16:00:15,851][INFO ][cluster.routing.allocation] [Liz Allan] Cluster health status changed from [RED] to [YELLOW] (reason: [shards started [[kb][4], [kb][4]] ...]).
[2016-11-03 16:00:15,868][INFO ][cluster.metadata         ] [Liz Allan] [ticket] create_mapping [ticket]
[2016-11-03 16:00:15,907][INFO ][cluster.metadata         ] [Liz Allan] [kb] create_mapping [article]
[2016-11-03 16:01:15,666][INFO ][cluster.metadata         ] [Liz Allan] [ticket] creating index, cause [auto(bulk api)], templates [], shards [5]/[1], mappings []
[2016-11-03 16:01:15,717][INFO ][cluster.metadata         ] [Liz Allan] [kb] creating index, cause [auto(bulk api)], templates [], shards [5]/[1], mappings []
[2016-11-03 16:01:15,862][INFO ][cluster.routing.allocation] [Liz Allan] Cluster health status changed from [RED] to [YELLOW] (reason: [shards started [[ticket][4], [kb][4]] ...]).
[2016-11-03 16:01:15,876][INFO ][cluster.metadata         ] [Liz Allan] [ticket] create_mapping [ticket]
[2016-11-03 16:01:15,925][INFO ][cluster.metadata         ] [Liz Allan] [kb] create_mapping [article]
[2016-11-03 16:02:15,694][INFO ][cluster.metadata         ] [Liz Allan] [kb] creating index, cause [auto(bulk api)], templates [], shards [5]/[1], mappings []
[2016-11-03 16:02:15,760][INFO ][cluster.metadata         ] [Liz Allan] [ticket] creating index, cause [auto(bulk api)], templates [], shards [5]/[1], mappings []
[2016-11-03 16:02:15,938][INFO ][cluster.routing.allocation] [Liz Allan] Cluster health status changed from [RED] to [YELLOW] (reason: [shards started [[ticket][3], [ticket][4], [kb][4]] ...]).
[2016-11-03 16:02:15,950][INFO ][cluster.metadata         ] [Liz Allan] [kb] create_mapping [article]
[2016-11-03 16:02:16,015][INFO ][cluster.metadata         ] [Liz Allan] [ticket] create_mapping [ticket]
[2016-11-03 16:03:15,694][INFO ][cluster.metadata         ] [Liz Allan] [ticket] creating index, cause [auto(bulk api)], templates [], shards [5]/[1], mappings []
[2016-11-03 16:03:15,780][INFO ][cluster.metadata         ] [Liz Allan] [kb] creating index, cause [auto(bulk api)], templates [], shards [5]/[1], mappings []
[2016-11-03 16:03:15,884][INFO ][cluster.routing.allocation] [Liz Allan] Cluster health status changed from [RED] to [YELLOW] (reason: [shards started [[kb][4], [kb][4]] ...]).
[2016-11-03 16:03:15,893][INFO ][cluster.metadata         ] [Liz Allan] [ticket] create_mapping [ticket]
[2016-11-03 16:03:15,916][INFO ][cluster.metadata         ] [Liz Allan] [kb] create_mapping [article]
[2016-11-03 16:04:15,668][INFO ][cluster.metadata         ] [Liz Allan] [ticket] creating index, cause [auto(bulk api)], templates [], shards [5]/[1], mappings []
[2016-11-03 16:04:15,826][INFO ][cluster.metadata         ] [Liz Allan] [kb] creating index, cause [auto(bulk api)], templates [], shards [5]/[1], mappings []
[2016-11-03 16:04:16,027][INFO ][cluster.metadata         ] [Liz Allan] [ticket] create_mapping [ticket]
[2016-11-03 16:04:16,124][INFO ][cluster.routing.allocation] [Liz Allan] Cluster health status changed from [RED] to [YELLOW] (reason: [shards started [[kb][4]] ...]).
[2016-11-03 16:04:16,160][INFO ][cluster.metadata         ] [Liz Allan] [kb] create_mapping [article]
[2016-11-03 16:05:15,698][INFO ][cluster.metadata         ] [Liz Allan] [kb] creating index, cause [auto(bulk api)], templates [], shards [5]/[1], mappings []
[2016-11-03 16:05:15,897][INFO ][cluster.metadata         ] [Liz Allan] [ticket] creating index, cause [auto(bulk api)], templates [], shards [5]/[1], mappings []
[2016-11-03 16:05:16,129][INFO ][cluster.routing.allocation] [Liz Allan] Cluster health status changed from [RED] to [YELLOW] (reason: [shards started [[ticket][4]] ...]).
[2016-11-03 16:05:16,146][INFO ][cluster.metadata         ] [Liz Allan] [kb] create_mapping [article]
[2016-11-03 16:05:16,243][INFO ][cluster.metadata         ] [Liz Allan] [ticket] create_mapping [ticket]
[2016-11-03 16:06:15,743][INFO ][cluster.metadata         ] [Liz Allan] [kb] creating index, cause [auto(bulk api)], templates [], shards [5]/[1], mappings []
[2016-11-03 16:06:15,911][INFO ][cluster.metadata         ] [Liz Allan] [ticket] creating index, cause [auto(bulk api)], templates [], shards [5]/[1], mappings []
[2016-11-03 16:06:16,109][INFO ][cluster.routing.allocation] [Liz Allan] Cluster health status changed from [RED] to [YELLOW] (reason: [shards started [[kb][4], [kb][4]] ...]).
[2016-11-03 16:06:16,120][INFO ][cluster.metadata         ] [Liz Allan] [kb] create_mapping [article]
[2016-11-03 16:06:16,239][INFO ][cluster.metadata         ] [Liz Allan] [ticket] create_mapping [ticket]
[2016-11-03 16:07:15,741][INFO ][cluster.metadata         ] [Liz Allan] [kb] creating index, cause [auto(bulk api)], templates [], shards [5]/[1], mappings []
[2016-11-03 16:07:15,850][INFO ][cluster.metadata         ] [Liz Allan] [ticket] creating index, cause [auto(bulk api)], templates [], shards [5]/[1], mappings []
[2016-11-03 16:07:16,041][INFO ][cluster.routing.allocation] [Liz Allan] Cluster health status changed from [RED] to [YELLOW] (reason: [shards started [[kb][4], [kb][4]] ...]).
[2016-11-03 16:07:16,077][INFO ][cluster.metadata         ] [Liz Allan] [kb] create_mapping [article]
[2016-11-03 16:07:16,184][INFO ][cluster.metadata         ] [Liz Allan] [ticket] create_mapping [ticket]
[2016-11-03 16:08:15,687][INFO ][cluster.metadata         ] [Liz Allan] [kb] creating index, cause [auto(bulk api)], templates [], shards [5]/[1], mappings []
[2016-11-03 16:08:15,786][INFO ][cluster.metadata         ] [Liz Allan] [ticket] creating index, cause [auto(bulk api)], templates [], shards [5]/[1], mappings []
[2016-11-03 16:08:15,875][INFO ][cluster.routing.allocation] [Liz Allan] Cluster health status changed from [RED] to [YELLOW] (reason: [shards started [[ticket][2], [ticket][3], [ticket][4]] ...]).
[2016-11-03 16:08:15,890][INFO ][cluster.metadata         ] [Liz Allan] [kb] create_mapping [article]
[2016-11-03 16:08:15,920][INFO ][cluster.metadata         ] [Liz Allan] [ticket] create_mapping [ticket]
[2016-11-03 16:09:15,729][INFO ][cluster.metadata         ] [Liz Allan] [ticket] creating index, cause [auto(bulk api)], templates [], shards [5]/[1], mappings []
[2016-11-03 16:09:15,814][INFO ][cluster.metadata         ] [Liz Allan] [kb] creating index, cause [auto(bulk api)], templates [], shards [5]/[1], mappings []
[2016-11-03 16:09:16,103][INFO ][cluster.routing.allocation] [Liz Allan] Cluster health status changed from [RED] to [YELLOW] (reason: [shards started [[kb][4], [kb][4]] ...]).
[2016-11-03 16:09:16,138][INFO ][cluster.metadata         ] [Liz Allan] [ticket] create_mapping [ticket]
[2016-11-03 16:09:16,233][INFO ][cluster.metadata         ] [Liz Allan] [kb] create_mapping [article]
[2016-11-03 16:10:15,719][INFO ][cluster.metadata         ] [Liz Allan] [kb] creating index, cause [auto(bulk api)], templates [], shards [5]/[1], mappings []
[2016-11-03 16:10:15,777][INFO ][cluster.metadata         ] [Liz Allan] [ticket] creating index, cause [auto(bulk api)], templates [], shards [5]/[1], mappings []
[2016-11-03 16:10:15,866][INFO ][cluster.routing.allocation] [Liz Allan] Cluster health status changed from [RED] to [YELLOW] (reason: [shards started [[kb][4], [kb][4]] ...]).
[2016-11-03 16:10:15,884][INFO ][cluster.metadata         ] [Liz Allan] [kb] create_mapping [article]
[2016-11-03 16:10:15,913][INFO ][cluster.metadata         ] [Liz Allan] [ticket] create_mapping [ticket]
[2016-11-03 16:10:42,538][INFO ][cluster.metadata         ] [Liz Allan] [kb] creating index, cause [api], templates [], shards [5]/[1], mappings []
[2016-11-03 16:10:42,819][INFO ][cluster.metadata         ] [Liz Allan] [ticket] creating index, cause [api], templates [], shards [5]/[1], mappings []
[2016-11-03 16:10:42,957][INFO ][cluster.routing.allocation] [Liz Allan] Cluster health status changed from [RED] to [YELLOW] (reason: [shards started [[ticket][4], [ticket][4]] ...]).
[2016-11-03 16:10:42,983][INFO ][cluster.metadata         ] [Liz Allan] [kb] create_mapping [article]
[2016-11-03 16:10:42,991][INFO ][cluster.metadata         ] [Liz Allan] [ticket] create_mapping [ticket]
[2016-11-03 16:10:43,334][INFO ][cluster.metadata         ] [Liz Allan] [ticket] update_mapping [ticket]
[2016-11-03 16:11:15,447][INFO ][cluster.metadata         ] [Liz Allan] [kb] creating index, cause [auto(bulk api)], templates [], shards [5]/[1], mappings []
[2016-11-03 16:11:15,579][INFO ][cluster.metadata         ] [Liz Allan] [ticket] creating index, cause [auto(bulk api)], templates [], shards [5]/[1], mappings []
[2016-11-03 16:11:15,707][INFO ][cluster.routing.allocation] [Liz Allan] Cluster health status changed from [RED] to [YELLOW] (reason: [shards started [[ticket][0], [ticket][3], [ticket][0], [ticket][4]] ...]).
[2016-11-03 16:11:15,727][INFO ][cluster.metadata         ] [Liz Allan] [kb] create_mapping [article]
[2016-11-03 16:11:15,811][INFO ][cluster.metadata         ] [Liz Allan] [ticket] create_mapping [ticket]
[2016-11-03 16:12:15,499][INFO ][cluster.metadata         ] [Liz Allan] [ticket] creating index, cause [auto(bulk api)], templates [], shards [5]/[1], mappings []
[2016-11-03 16:12:15,571][INFO ][cluster.metadata         ] [Liz Allan] [kb] creating index, cause [auto(bulk api)], templates [], shards [5]/[1], mappings []
[2016-11-03 16:12:15,683][INFO ][cluster.routing.allocation] [Liz Allan] Cluster health status changed from [RED] to [YELLOW] (reason: [shards started [[kb][4], [kb][4]] ...]).
[2016-11-03 16:12:15,694][INFO ][cluster.metadata         ] [Liz Allan] [ticket] create_mapping [ticket]
[2016-11-03 16:12:15,751][INFO ][cluster.metadata         ] [Liz Allan] [kb] create_mapping [article]
[2016-11-03 16:13:15,492][INFO ][cluster.metadata         ] [Liz Allan] [kb] creating index, cause [auto(bulk api)], templates [], shards [5]/[1], mappings []
[2016-11-03 16:13:15,600][INFO ][cluster.routing.allocation] [Liz Allan] Cluster health status changed from [RED] to [YELLOW] (reason: [shards started [[kb][4]] ...]).
[2016-11-03 16:13:15,609][INFO ][cluster.metadata         ] [Liz Allan] [ticket] creating index, cause [auto(bulk api)], templates [], shards [5]/[1], mappings []
[2016-11-03 16:13:15,723][INFO ][cluster.routing.allocation] [Liz Allan] Cluster health status changed from [RED] to [YELLOW] (reason: [shards started [[ticket][0], [ticket][0], [ticket][4]] ...]).
[2016-11-03 16:13:15,742][INFO ][cluster.metadata         ] [Liz Allan] [kb] create_mapping [article]
[2016-11-03 16:13:15,784][INFO ][cluster.metadata         ] [Liz Allan] [ticket] create_mapping [ticket]
[2016-11-03 16:14:15,397][INFO ][cluster.metadata         ] [Liz Allan] [ticket] creating index, cause [auto(bulk api)], templates [], shards [5]/[1], mappings []
[2016-11-03 16:14:15,543][INFO ][cluster.metadata         ] [Liz Allan] [kb] creating index, cause [auto(bulk api)], templates [], shards [5]/[1], mappings []
[2016-11-03 16:14:15,637][INFO ][cluster.routing.allocation] [Liz Allan] Cluster health status changed from [RED] to [YELLOW] (reason: [shards started [[kb][4], [kb][4]] ...]).
[2016-11-03 16:14:15,650][INFO ][cluster.metadata         ] [Liz Allan] [ticket] create_mapping [ticket]
[2016-11-03 16:14:15,705][INFO ][cluster.metadata         ] [Liz Allan] [kb] create_mapping [article]
[2016-11-03 16:15:15,384][INFO ][cluster.metadata         ] [Liz Allan] [kb] creating index, cause [auto(bulk api)], templates [], shards [5]/[1], mappings []
[2016-11-03 16:15:15,437][INFO ][cluster.metadata         ] [Liz Allan] [ticket] creating index, cause [auto(bulk api)], templates [], shards [5]/[1], mappings []
[2016-11-03 16:15:15,506][INFO ][cluster.routing.allocation] [Liz Allan] Cluster health status changed from [RED] to [YELLOW] (reason: [shards started [[kb][4], [kb][4]] ...]).
[2016-11-03 16:15:15,530][INFO ][cluster.metadata         ] [Liz Allan] [kb] create_mapping [article]
[2016-11-03 16:15:15,561][INFO ][cluster.metadata         ] [Liz Allan] [ticket] create_mapping [ticket]
[2016-11-03 16:16:15,369][INFO ][cluster.metadata         ] [Liz Allan] [ticket] creating index, cause [auto(bulk api)], templates [], shards [5]/[1], mappings []
[2016-11-03 16:16:15,469][INFO ][cluster.routing.allocation] [Liz Allan] Cluster health status changed from [RED] to [YELLOW] (reason: [shards started [[ticket][4]] ...]).
[2016-11-03 16:16:15,481][INFO ][cluster.metadata         ] [Liz Allan] [kb] creating index, cause [auto(bulk api)], templates [], shards [5]/[1], mappings []
[2016-11-03 16:16:15,625][INFO ][cluster.routing.allocation] [Liz Allan] Cluster health status changed from [RED] to [YELLOW] (reason: [shards started [[kb][4]] ...]).
[2016-11-03 16:16:15,646][INFO ][cluster.metadata         ] [Liz Allan] [ticket] create_mapping [ticket]
[2016-11-03 16:16:15,680][INFO ][cluster.metadata         ] [Liz Allan] [kb] create_mapping [article]
[2016-11-03 16:16:38,343][INFO ][node                     ] [Liz Allan] stopping ...
[2016-11-03 16:16:38,484][INFO ][node                     ] [Liz Allan] stopped
[2016-11-03 16:16:38,484][INFO ][node                     ] [Liz Allan] closing ...
[2016-11-03 16:16:38,492][INFO ][node                     ] [Liz Allan] closed
[2016-11-03 19:03:33,822][INFO ][node                     ] [Barbarus] version[2.4.1], pid[9342], build[c67dc32/2016-09-27T18:57:55Z]
[2016-11-03 19:03:33,826][INFO ][node                     ] [Barbarus] initializing ...
[2016-11-03 19:03:36,376][INFO ][plugins                  ] [Barbarus] modules [reindex, lang-expression, lang-groovy], plugins [], sites []
[2016-11-03 19:03:36,766][INFO ][env                      ] [Barbarus] using [1] data paths, mounts [[/ (/dev/disk0s2)]], net usable_space [145.9gb], net total_space [222.7gb], spins? [unknown], types [hfs]
[2016-11-03 19:03:36,773][INFO ][env                      ] [Barbarus] heap size [1007.3mb], compressed ordinary object pointers [true]
[2016-11-03 19:03:36,795][WARN ][env                      ] [Barbarus] max file descriptors [10240] for elasticsearch process likely too low, consider increasing to at least [65536]
[2016-11-03 19:03:44,065][INFO ][node                     ] [Barbarus] initialized
[2016-11-03 19:03:44,066][INFO ][node                     ] [Barbarus] starting ...
[2016-11-03 19:03:44,280][INFO ][transport                ] [Barbarus] publish_address {127.0.0.1:9300}, bound_addresses {[fe80::1]:9300}, {[::1]:9300}, {127.0.0.1:9300}
[2016-11-03 19:03:44,289][INFO ][discovery                ] [Barbarus] elasticsearch/wQVQw1uMRs-M9mey5Ik-XA
[2016-11-03 19:03:47,398][INFO ][cluster.service          ] [Barbarus] new_master {Barbarus}{wQVQw1uMRs-M9mey5Ik-XA}{127.0.0.1}{127.0.0.1:9300}, reason: zen-disco-join(elected_as_master, [0] joins received)
[2016-11-03 19:03:47,465][INFO ][http                     ] [Barbarus] publish_address {127.0.0.1:9200}, bound_addresses {[fe80::1]:9200}, {[::1]:9200}, {127.0.0.1:9200}
[2016-11-03 19:03:47,465][INFO ][node                     ] [Barbarus] started
[2016-11-03 19:03:47,612][INFO ][gateway                  ] [Barbarus] recovered [2] indices into cluster_state
[2016-11-03 19:03:48,899][INFO ][cluster.routing.allocation] [Barbarus] Cluster health status changed from [RED] to [YELLOW] (reason: [shards started [[ticket][3]] ...]).
[2016-11-03 19:51:24,866][INFO ][node                     ] [Barbarus] stopping ...
[2016-11-03 19:51:24,974][INFO ][node                     ] [Barbarus] stopped
[2016-11-03 19:51:24,976][INFO ][node                     ] [Barbarus] closing ...
[2016-11-03 19:51:24,983][INFO ][node                     ] [Barbarus] closed
